Arguments: 
  C:\Program Files\nodejs\node.exe C:\Users\XPC\AppData\Roaming\npm\node_modules\yarn\bin\yarn.js add corss-env

PATH: 
  c:\Program Files (x86)\Common Files\Intel\Shared Libraries\redist\intel64_win\compiler;C:\Program Files (x86)\Common Files\Oracle\Java\javapath;C:\ProgramData\Oracle\Java\javapath;c:\Program Files (x86)\Common Files\Intel\Shared Libraries\redist\intel64\compiler;C:\Windows\system32;C:\Windows;C:\Windows\System32\Wbem;C:\Windows\System32\WindowsPowerShell\v1.0\;C:\Windows\System32\OpenSSH\;C:\Program Files (x86)\NVIDIA Corporation\PhysX\Common;C:\Program Files\NVIDIA Corporation\NVIDIA NvDLISR;C:\Program Files\dotnet\;C:\Program Files (x86)\dotnet\;C:\Program Files\Git\cmd;C:\Program Files\PuTTY\;C:\Program Files\Docker\Docker\resources\bin;C:\ProgramData\DockerDesktop\version-bin;C:\Program Files\nodejs\;C:\Users\XPC\AppData\Local\Microsoft\WindowsApps;C:\Users\XPC\AppData\Local\Programs\Microsoft VS Code\bin;C:\Users\XPC\AppData\Local\GitHubDesktop\bin;C:\Users\XPC\.dotnet\tools;C:\Program Files\Lando\bin;C:\Users\XPC\AppData\Roaming\npm

Yarn version: 
  1.22.18

Node version: 
  16.15.1

Platform: 
  win32 x64

Trace: 
  Error: https://registry.yarnpkg.com/corss-env: Not found
      at Request.params.callback [as _callback] (C:\Users\XPC\AppData\Roaming\npm\node_modules\yarn\lib\cli.js:66138:18)
      at Request.self.callback (C:\Users\XPC\AppData\Roaming\npm\node_modules\yarn\lib\cli.js:140883:22)
      at Request.emit (node:events:527:28)
      at Request.<anonymous> (C:\Users\XPC\AppData\Roaming\npm\node_modules\yarn\lib\cli.js:141855:10)
      at Request.emit (node:events:527:28)
      at IncomingMessage.<anonymous> (C:\Users\XPC\AppData\Roaming\npm\node_modules\yarn\lib\cli.js:141777:12)
      at Object.onceWrapper (node:events:641:28)
      at IncomingMessage.emit (node:events:539:35)
      at endReadableNT (node:internal/streams/readable:1345:12)
      at processTicksAndRejections (node:internal/process/task_queues:83:21)

npm manifest: 
  {
    "dependencies": {
      "sass": "^1.52.2",
      "sass-loader": "^13.0.0"
    }
  }

yarn manifest: 
  No manifest

Lockfile: 
  No lockfile
